# JRE version: OpenJDK Runtime Environment Temurin-17.0.9+9 (17.0.9+9) (build 17.0.9+9)
# Java VM: OpenJDK 64-Bit Server VM Temurin-17.0.9+9 (17.0.9+9, mixed mode, emulated-client, tiered, compressed oops, compressed class ptrs, g1 gc, windows-amd64)
GC Precious Log:
 CPUs: 12 total, 12 available
 Memory: 7514M
 Large Page Support: Disabled
 NUMA Support: Disabled
 Compressed Oops: Enabled (32-bit)
 Heap Region Size: 1M
 Heap Min Capacity: 8M
 Heap Initial Capacity: 118M
 Heap Max Capacity: 1880M
 Pre-touch: Disabled
 Parallel Workers: 10
 Concurrent Workers: 3
 Concurrent Refinement Workers: 10
 Periodic GC: Disabled
Heap:
 garbage-first heap   total 174080K, used 63441K [0x000000008a800000, 0x0000000100000000)
  region size 1024K, 9 young (9216K), 9 survivors (9216K)
 Metaspace       used 149584K, committed 151680K, reserved 1245184K
  class space    used 18819K, committed 19776K, reserved 1048576K
GC Heap History (20 events):
Event: 36266.647 GC heap after
{Heap after GC invocations=1047 (full 73):
 garbage-first heap   total 191488K, used 67078K [0x000000008a800000, 0x0000000100000000)
  region size 1024K, 1 young (1024K), 1 survivors (1024K)
 Metaspace       used 146940K, committed 149248K, reserved 1179648K
  class space    used 18567K, committed 19584K, reserved 1048576K
}
Event: 36294.721 GC heap before
{Heap before GC invocations=1047 (full 73):
 garbage-first heap   total 191488K, used 144902K [0x000000008a800000, 0x0000000100000000)
  region size 1024K, 78 young (79872K), 1 survivors (1024K)
 Metaspace       used 147034K, committed 149248K, reserved 1179648K
  class space    used 18582K, committed 19584K, reserved 1048576K
}
Event: 36296.096 GC heap after
{Heap after GC invocations=1048 (full 74):
 garbage-first heap   total 188416K, used 53910K [0x000000008a800000, 0x0000000100000000)
  region size 1024K, 0 young (0K), 0 survivors (0K)
 Metaspace       used 147024K, committed 149248K, reserved 1179648K
  class space    used 18580K, committed 19584K, reserved 1048576K
}
Event: 36298.636 GC heap before
{Heap before GC invocations=1048 (full 74):
 garbage-first heap   total 188416K, used 162454K [0x000000008a800000, 0x0000000100000000)
  region size 1024K, 107 young (109568K), 0 survivors (0K)
 Metaspace       used 147818K, committed 149952K, reserved 1179648K
  class space    used 18671K, committed 19648K, reserved 1048576K
}
Event: 36298.713 GC heap after
{Heap after GC invocations=1049 (full 74):
 garbage-first heap   total 188416K, used 62955K [0x000000008a800000, 0x0000000100000000)
  region size 1024K, 9 young (9216K), 9 survivors (9216K)
 Metaspace       used 147818K, committed 149952K, reserved 1179648K
  class space    used 18671K, committed 19648K, reserved 1048576K
}
Event: 36313.789 GC heap before
{Heap before GC invocations=1049 (full 74):
 garbage-first heap   total 188416K, used 156139K [0x000000008a800000, 0x0000000100000000)
  region size 1024K, 100 young (102400K), 9 survivors (9216K)
 Metaspace       used 148374K, committed 150528K, reserved 1179648K
  class space    used 18708K, committed 19712K, reserved 1048576K
}
Event: 36313.812 GC heap after
{Heap after GC invocations=1050 (full 74):
 garbage-first heap   total 188416K, used 67681K [0x000000008a800000, 0x0000000100000000)
  region size 1024K, 7 young (7168K), 7 survivors (7168K)
 Metaspace       used 148374K, committed 150528K, reserved 1179648K
  class space    used 18708K, committed 19712K, reserved 1048576K
}
Event: 36345.255 GC heap before
{Heap before GC invocations=1050 (full 74):
 garbage-first heap   total 188416K, used 153697K [0x000000008a800000, 0x0000000100000000)
  region size 1024K, 91 young (93184K), 7 survivors (7168K)
 Metaspace       used 148374K, committed 150528K, reserved 1179648K
  class space    used 18708K, committed 19712K, reserved 1048576K
}
Event: 36345.264 GC heap after
{Heap after GC invocations=1051 (full 74):
 garbage-first heap   total 188416K, used 68274K [0x000000008a800000, 0x0000000100000000)
  region size 1024K, 8 young (8192K), 8 survivors (8192K)
 Metaspace       used 148374K, committed 150528K, reserved 1179648K
  class space    used 18708K, committed 19712K, reserved 1048576K
}
Event: 36377.362 GC heap before
{Heap before GC invocations=1051 (full 74):
 garbage-first heap   total 188416K, used 155314K [0x000000008a800000, 0x0000000100000000)
  region size 1024K, 93 young (95232K), 8 survivors (8192K)
 Metaspace       used 148374K, committed 150528K, reserved 1179648K
  class space    used 18708K, committed 19712K, reserved 1048576K
}
Event: 36377.369 GC heap after
{Heap after GC invocations=1052 (full 74):
 garbage-first heap   total 188416K, used 68223K [0x000000008a800000, 0x0000000100000000)
  region size 1024K, 1 young (1024K), 1 survivors (1024K)
 Metaspace       used 148374K, committed 150528K, reserved 1179648K
  class space    used 18708K, committed 19712K, reserved 1048576K
}
Event: 36410.727 GC heap before
{Heap before GC invocations=1052 (full 74):
 garbage-first heap   total 188416K, used 157311K [0x000000008a800000, 0x0000000100000000)
  region size 1024K, 88 young (90112K), 1 survivors (1024K)
 Metaspace       used 148374K, committed 150528K, reserved 1179648K
  class space    used 18708K, committed 19712K, reserved 1048576K
}
Event: 36410.729 GC heap after
{Heap after GC invocations=1053 (full 74):
 garbage-first heap   total 188416K, used 67544K [0x000000008a800000, 0x0000000100000000)
  region size 1024K, 1 young (1024K), 1 survivors (1024K)
 Metaspace       used 148374K, committed 150528K, reserved 1179648K
  class space    used 18708K, committed 19712K, reserved 1048576K
}
Event: 36443.565 GC heap before
{Heap before GC invocations=1053 (full 74):
 garbage-first heap   total 188416K, used 158680K [0x000000008a800000, 0x0000000100000000)
  region size 1024K, 90 young (92160K), 1 survivors (1024K)
 Metaspace       used 148374K, committed 150528K, reserved 1179648K
  class space    used 18708K, committed 19712K, reserved 1048576K
}
Event: 36443.580 GC heap after
{Heap after GC invocations=1054 (full 74):
 garbage-first heap   total 188416K, used 68420K [0x000000008a800000, 0x0000000100000000)
  region size 1024K, 2 young (2048K), 2 survivors (2048K)
 Metaspace       used 148374K, committed 150528K, reserved 1179648K
  class space    used 18708K, committed 19712K, reserved 1048576K
}
Event: 36443.677 GC heap before
{Heap before GC invocations=1054 (full 74):
 garbage-first heap   total 188416K, used 68420K [0x000000008a800000, 0x0000000100000000)
  region size 1024K, 3 young (3072K), 2 survivors (2048K)
 Metaspace       used 148377K, committed 150528K, reserved 1179648K
  class space    used 18709K, committed 19712K, reserved 1048576K
}
Event: 36444.051 GC heap after
{Heap after GC invocations=1055 (full 75):
 garbage-first heap   total 174080K, used 49434K [0x000000008a800000, 0x0000000100000000)
  region size 1024K, 0 young (0K), 0 survivors (0K)
 Metaspace       used 148225K, committed 150528K, reserved 1179648K
  class space    used 18684K, committed 19712K, reserved 1048576K
}
Event: 36445.301 GC heap before
{Heap before GC invocations=1055 (full 75):
 garbage-first heap   total 174080K, used 145690K [0x000000008a800000, 0x0000000100000000)
  region size 1024K, 95 young (97280K), 0 survivors (0K)
 Metaspace       used 148915K, committed 151040K, reserved 1245184K
  class space    used 18775K, committed 19776K, reserved 1048576K
}
Event: 36445.338 GC heap after
{Heap after GC invocations=1056 (full 75):
 garbage-first heap   total 174080K, used 56964K [0x000000008a800000, 0x0000000100000000)
  region size 1024K, 8 young (8192K), 8 survivors (8192K)
 Metaspace       used 148915K, committed 151040K, reserved 1245184K
  class space    used 18775K, committed 19776K, reserved 1048576K
}
Event: 36453.692 GC heap before
{Heap before GC invocations=1056 (full 75):
 garbage-first heap   total 174080K, used 141956K [0x000000008a800000, 0x0000000100000000)
  region size 1024K, 91 young (93184K), 8 survivors (8192K)
 Metaspace       used 149584K, committed 151680K, reserved 1245184K
  class space    used 18819K, committed 19776K, reserved 1048576K
}

